2022-07-25 00:16:52.625 [ INFO ] [main] [com.zhangyun.tools.filebackup.FileBackupApplication] Starting FileBackupApplication using Java 11.0.15 on zhangyundeAir.lan with PID 10957 (/Users/zhangyun/Documents/javaProject/FileBackup/target/classes started by zhangyun in /Users/zhangyun/Documents/javaProject/FileBackup)
2022-07-25 00:16:52.626 [ INFO ] [main] [com.zhangyun.tools.filebackup.FileBackupApplication] No active profile set, falling back to 1 default profile: "default"
2022-07-25 00:16:53.040 [ INFO ] [main] [org.springframework.boot.web.embedded.tomcat.TomcatWebServer] Tomcat initialized with port(s): 8081 (http)
2022-07-25 00:16:53.043 [ INFO ] [main] [org.apache.coyote.http11.Http11NioProtocol] Initializing ProtocolHandler ["http-nio-8081"]
2022-07-25 00:16:53.044 [ INFO ] [main] [org.apache.catalina.core.StandardService] Starting service [Tomcat]
2022-07-25 00:16:53.044 [ INFO ] [main] [org.apache.catalina.core.StandardEngine] Starting Servlet engine: [Apache Tomcat/9.0.65]
2022-07-25 00:16:53.074 [ INFO ] [main] [org.apache.catalina.core.ContainerBase.[Tomcat].[localhost].[/]] Initializing Spring embedded WebApplicationContext
2022-07-25 00:16:53.074 [ INFO ] [main] [org.springframework.boot.web.servlet.context.ServletWebServerApplicationContext] Root WebApplicationContext: initialization completed in 427 ms
2022-07-25 00:16:53.297 [ INFO ] [main] [org.apache.coyote.http11.Http11NioProtocol] Starting ProtocolHandler ["http-nio-8081"]
2022-07-25 00:16:53.309 [ INFO ] [main] [org.springframework.boot.web.embedded.tomcat.TomcatWebServer] Tomcat started on port(s): 8081 (http) with context path ''
2022-07-25 00:16:53.314 [ INFO ] [main] [com.zhangyun.tools.filebackup.FileBackupApplication] Started FileBackupApplication in 0.897 seconds (JVM running for 1.141)
2022-07-25 00:16:53.320 [ INFO ] [main] [com.zhangyun.tools.filebackup.monitor.FBFileMonitor] File Monitor启动成功！
2022-07-25 00:16:53.321 [ INFO ] [main] [com.zhangyun.tools.filebackup.FileBackupApplication] 服务启动成功！
2022-07-25 00:17:05.524 [ INFO ] [http-nio-8081-exec-2] [org.apache.catalina.core.ContainerBase.[Tomcat].[localhost].[/]] Initializing Spring DispatcherServlet 'dispatcherServlet'
2022-07-25 00:17:05.525 [ INFO ] [http-nio-8081-exec-2] [org.springframework.web.servlet.DispatcherServlet] Initializing Servlet 'dispatcherServlet'
2022-07-25 00:17:05.526 [ INFO ] [http-nio-8081-exec-2] [org.springframework.web.servlet.DispatcherServlet] Completed initialization in 1 ms
2022-07-25 00:17:06.725 [ INFO ] [http-nio-8081-exec-2] [com.zhangyun.tools.filebackup.aspect.TimerAspect] method com.zhangyun.tools.filebackup.filevisitor.CounterFileVisitor.getFileAndDirCounter[/Users/zhangyun/Library/CloudStorage/OneDrive-hust.edu.cn/JAVA] cost time: 1.18s
2022-07-25 00:25:14.871 [ INFO ] [main] [com.zhangyun.tools.filebackup.FileBackupApplication] Starting FileBackupApplication using Java 11.0.15 on zhangyundeAir.lan with PID 11011 (/Users/zhangyun/Documents/javaProject/FileBackup/target/classes started by zhangyun in /Users/zhangyun/Documents/javaProject/FileBackup)
2022-07-25 00:25:14.872 [ INFO ] [main] [com.zhangyun.tools.filebackup.FileBackupApplication] No active profile set, falling back to 1 default profile: "default"
2022-07-25 00:25:15.287 [ INFO ] [main] [org.springframework.boot.web.embedded.tomcat.TomcatWebServer] Tomcat initialized with port(s): 8081 (http)
2022-07-25 00:25:15.291 [ INFO ] [main] [org.apache.coyote.http11.Http11NioProtocol] Initializing ProtocolHandler ["http-nio-8081"]
2022-07-25 00:25:15.292 [ INFO ] [main] [org.apache.catalina.core.StandardService] Starting service [Tomcat]
2022-07-25 00:25:15.292 [ INFO ] [main] [org.apache.catalina.core.StandardEngine] Starting Servlet engine: [Apache Tomcat/9.0.65]
2022-07-25 00:25:15.327 [ INFO ] [main] [org.apache.catalina.core.ContainerBase.[Tomcat].[localhost].[/]] Initializing Spring embedded WebApplicationContext
2022-07-25 00:25:15.327 [ INFO ] [main] [org.springframework.boot.web.servlet.context.ServletWebServerApplicationContext] Root WebApplicationContext: initialization completed in 439 ms
2022-07-25 00:25:15.577 [ INFO ] [main] [org.apache.coyote.http11.Http11NioProtocol] Starting ProtocolHandler ["http-nio-8081"]
2022-07-25 00:25:15.588 [ INFO ] [main] [org.springframework.boot.web.embedded.tomcat.TomcatWebServer] Tomcat started on port(s): 8081 (http) with context path ''
2022-07-25 00:25:15.595 [ INFO ] [main] [com.zhangyun.tools.filebackup.FileBackupApplication] Started FileBackupApplication in 0.945 seconds (JVM running for 1.258)
2022-07-25 00:25:15.600 [ INFO ] [main] [com.zhangyun.tools.filebackup.monitor.FBFileMonitor] File Monitor启动成功！
2022-07-25 00:25:15.601 [ INFO ] [main] [com.zhangyun.tools.filebackup.FileBackupApplication] 服务启动成功！
2022-07-25 00:25:18.714 [ INFO ] [http-nio-8081-exec-2] [org.apache.catalina.core.ContainerBase.[Tomcat].[localhost].[/]] Initializing Spring DispatcherServlet 'dispatcherServlet'
2022-07-25 00:25:18.714 [ INFO ] [http-nio-8081-exec-2] [org.springframework.web.servlet.DispatcherServlet] Initializing Servlet 'dispatcherServlet'
2022-07-25 00:25:18.715 [ INFO ] [http-nio-8081-exec-2] [org.springframework.web.servlet.DispatcherServlet] Completed initialization in 1 ms
2022-07-25 00:25:19.334 [ INFO ] [http-nio-8081-exec-2] [com.zhangyun.tools.filebackup.filevisitor.CounterFileVisitor] 文件个数以及目录查询成功，file: 58290个, dir: 7286个
2022-07-25 00:25:19.335 [ INFO ] [http-nio-8081-exec-2] [com.zhangyun.tools.filebackup.aspect.TimerAspect] method com.zhangyun.tools.filebackup.filevisitor.CounterFileVisitor.getFileAndDirCounter[/Users/zhangyun/Library/CloudStorage/OneDrive-hust.edu.cn/JAVA] cost time: 0.605s
2022-07-25 00:28:14.797 [ INFO ] [main] [com.zhangyun.tools.filebackup.FileBackupApplication] Starting FileBackupApplication using Java 11.0.15 on zhangyundeAir.lan with PID 11030 (/Users/zhangyun/Documents/javaProject/FileBackup/target/classes started by zhangyun in /Users/zhangyun/Documents/javaProject/FileBackup)
2022-07-25 00:28:14.798 [ INFO ] [main] [com.zhangyun.tools.filebackup.FileBackupApplication] No active profile set, falling back to 1 default profile: "default"
2022-07-25 00:28:15.211 [ INFO ] [main] [org.springframework.boot.web.embedded.tomcat.TomcatWebServer] Tomcat initialized with port(s): 8081 (http)
2022-07-25 00:28:15.214 [ INFO ] [main] [org.apache.coyote.http11.Http11NioProtocol] Initializing ProtocolHandler ["http-nio-8081"]
2022-07-25 00:28:15.214 [ INFO ] [main] [org.apache.catalina.core.StandardService] Starting service [Tomcat]
2022-07-25 00:28:15.214 [ INFO ] [main] [org.apache.catalina.core.StandardEngine] Starting Servlet engine: [Apache Tomcat/9.0.65]
2022-07-25 00:28:15.244 [ INFO ] [main] [org.apache.catalina.core.ContainerBase.[Tomcat].[localhost].[/]] Initializing Spring embedded WebApplicationContext
2022-07-25 00:28:15.244 [ INFO ] [main] [org.springframework.boot.web.servlet.context.ServletWebServerApplicationContext] Root WebApplicationContext: initialization completed in 426 ms
2022-07-25 00:28:15.502 [ INFO ] [main] [org.apache.coyote.http11.Http11NioProtocol] Starting ProtocolHandler ["http-nio-8081"]
2022-07-25 00:28:15.514 [ INFO ] [main] [org.springframework.boot.web.embedded.tomcat.TomcatWebServer] Tomcat started on port(s): 8081 (http) with context path ''
2022-07-25 00:28:15.519 [ INFO ] [main] [com.zhangyun.tools.filebackup.FileBackupApplication] Started FileBackupApplication in 0.935 seconds (JVM running for 1.205)
2022-07-25 00:28:16.576 [ INFO ] [main] [com.zhangyun.tools.filebackup.monitor.FBFileMonitor] File Monitor启动成功！
2022-07-25 00:28:16.577 [ INFO ] [main] [com.zhangyun.tools.filebackup.FileBackupApplication] 服务启动成功！
2022-07-25 00:28:16.580 [ INFO ] [Thread-1] [com.zhangyun.tools.filebackup.monitor.FBFileAlterationListenerAdaptor] on start...
2022-07-25 00:28:17.466 [ INFO ] [Thread-1] [com.zhangyun.tools.filebackup.monitor.FBFileAlterationListenerAdaptor] on stop...
2022-07-25 00:28:20.471 [ INFO ] [Thread-1] [com.zhangyun.tools.filebackup.monitor.FBFileAlterationListenerAdaptor] on start...
2022-07-25 00:28:21.344 [ INFO ] [Thread-1] [com.zhangyun.tools.filebackup.monitor.FBFileAlterationListenerAdaptor] on stop...
2022-07-25 00:28:24.350 [ INFO ] [Thread-1] [com.zhangyun.tools.filebackup.monitor.FBFileAlterationListenerAdaptor] on start...
2022-07-25 00:28:25.220 [ INFO ] [Thread-1] [com.zhangyun.tools.filebackup.monitor.FBFileAlterationListenerAdaptor] on stop...
2022-07-25 00:28:28.225 [ INFO ] [Thread-1] [com.zhangyun.tools.filebackup.monitor.FBFileAlterationListenerAdaptor] on start...
2022-07-25 00:28:29.057 [ INFO ] [Thread-1] [com.zhangyun.tools.filebackup.monitor.FBFileAlterationListenerAdaptor] on stop...
2022-07-25 00:28:32.062 [ INFO ] [Thread-1] [com.zhangyun.tools.filebackup.monitor.FBFileAlterationListenerAdaptor] on start...
2022-07-25 00:28:32.920 [ INFO ] [Thread-1] [com.zhangyun.tools.filebackup.monitor.FBFileAlterationListenerAdaptor] on stop...
2022-07-25 00:28:35.925 [ INFO ] [Thread-1] [com.zhangyun.tools.filebackup.monitor.FBFileAlterationListenerAdaptor] on start...
2022-07-25 00:28:36.797 [ INFO ] [Thread-1] [com.zhangyun.tools.filebackup.monitor.FBFileAlterationListenerAdaptor] on stop...
2022-07-25 00:28:39.802 [ INFO ] [Thread-1] [com.zhangyun.tools.filebackup.monitor.FBFileAlterationListenerAdaptor] on start...
2022-07-25 00:28:40.656 [ INFO ] [Thread-1] [com.zhangyun.tools.filebackup.monitor.FBFileAlterationListenerAdaptor] on stop...
2022-07-25 00:28:43.661 [ INFO ] [Thread-1] [com.zhangyun.tools.filebackup.monitor.FBFileAlterationListenerAdaptor] on start...
2022-07-25 00:28:44.516 [ INFO ] [Thread-1] [com.zhangyun.tools.filebackup.monitor.FBFileAlterationListenerAdaptor] on stop...
2022-07-25 00:28:47.521 [ INFO ] [Thread-1] [com.zhangyun.tools.filebackup.monitor.FBFileAlterationListenerAdaptor] on start...
2022-07-25 00:28:48.378 [ INFO ] [Thread-1] [com.zhangyun.tools.filebackup.monitor.FBFileAlterationListenerAdaptor] on stop...
2022-07-25 00:28:51.383 [ INFO ] [Thread-1] [com.zhangyun.tools.filebackup.monitor.FBFileAlterationListenerAdaptor] on start...
2022-07-25 00:28:52.239 [ INFO ] [Thread-1] [com.zhangyun.tools.filebackup.monitor.FBFileAlterationListenerAdaptor] on stop...
2022-07-25 00:28:55.240 [ INFO ] [Thread-1] [com.zhangyun.tools.filebackup.monitor.FBFileAlterationListenerAdaptor] on start...
2022-07-25 00:28:56.088 [ INFO ] [Thread-1] [com.zhangyun.tools.filebackup.monitor.FBFileAlterationListenerAdaptor] on stop...
2022-07-25 00:28:59.093 [ INFO ] [Thread-1] [com.zhangyun.tools.filebackup.monitor.FBFileAlterationListenerAdaptor] on start...
2022-07-25 00:28:59.943 [ INFO ] [Thread-1] [com.zhangyun.tools.filebackup.monitor.FBFileAlterationListenerAdaptor] on stop...
2022-07-25 00:29:02.949 [ INFO ] [Thread-1] [com.zhangyun.tools.filebackup.monitor.FBFileAlterationListenerAdaptor] on start...
2022-07-25 00:29:03.812 [ INFO ] [Thread-1] [com.zhangyun.tools.filebackup.monitor.FBFileAlterationListenerAdaptor] on stop...
2022-07-25 00:29:06.818 [ INFO ] [Thread-1] [com.zhangyun.tools.filebackup.monitor.FBFileAlterationListenerAdaptor] on start...
2022-07-25 00:29:07.690 [ INFO ] [Thread-1] [com.zhangyun.tools.filebackup.monitor.FBFileAlterationListenerAdaptor] on stop...
2022-07-25 00:29:10.696 [ INFO ] [Thread-1] [com.zhangyun.tools.filebackup.monitor.FBFileAlterationListenerAdaptor] on start...
2022-07-25 00:29:11.558 [ INFO ] [Thread-1] [com.zhangyun.tools.filebackup.monitor.FBFileAlterationListenerAdaptor] on stop...
2022-07-25 00:29:14.558 [ INFO ] [Thread-1] [com.zhangyun.tools.filebackup.monitor.FBFileAlterationListenerAdaptor] on start...
2022-07-25 00:29:15.467 [ INFO ] [Thread-1] [com.zhangyun.tools.filebackup.monitor.FBFileAlterationListenerAdaptor] on stop...
2022-07-25 00:29:18.472 [ INFO ] [Thread-1] [com.zhangyun.tools.filebackup.monitor.FBFileAlterationListenerAdaptor] on start...
2022-07-25 00:29:19.329 [ INFO ] [Thread-1] [com.zhangyun.tools.filebackup.monitor.FBFileAlterationListenerAdaptor] on stop...
2022-07-25 00:29:22.335 [ INFO ] [Thread-1] [com.zhangyun.tools.filebackup.monitor.FBFileAlterationListenerAdaptor] on start...
2022-07-25 00:29:23.220 [ INFO ] [Thread-1] [com.zhangyun.tools.filebackup.monitor.FBFileAlterationListenerAdaptor] on stop...
2022-07-25 00:29:26.226 [ INFO ] [Thread-1] [com.zhangyun.tools.filebackup.monitor.FBFileAlterationListenerAdaptor] on start...
2022-07-25 00:29:27.086 [ INFO ] [Thread-1] [com.zhangyun.tools.filebackup.monitor.FBFileAlterationListenerAdaptor] on stop...
2022-07-25 00:29:30.087 [ INFO ] [Thread-1] [com.zhangyun.tools.filebackup.monitor.FBFileAlterationListenerAdaptor] on start...
2022-07-25 00:29:30.972 [ INFO ] [Thread-1] [com.zhangyun.tools.filebackup.monitor.FBFileAlterationListenerAdaptor] on stop...
2022-07-25 00:29:33.975 [ INFO ] [Thread-1] [com.zhangyun.tools.filebackup.monitor.FBFileAlterationListenerAdaptor] on start...
2022-07-25 00:29:35.174 [ INFO ] [Thread-1] [com.zhangyun.tools.filebackup.monitor.FBFileAlterationListenerAdaptor] on stop...
2022-07-25 00:29:38.176 [ INFO ] [Thread-1] [com.zhangyun.tools.filebackup.monitor.FBFileAlterationListenerAdaptor] on start...
2022-07-25 00:29:39.168 [ INFO ] [Thread-1] [com.zhangyun.tools.filebackup.monitor.FBFileAlterationListenerAdaptor] on stop...
2022-07-25 00:29:42.173 [ INFO ] [Thread-1] [com.zhangyun.tools.filebackup.monitor.FBFileAlterationListenerAdaptor] on start...
2022-07-25 00:29:43.042 [ INFO ] [Thread-1] [com.zhangyun.tools.filebackup.monitor.FBFileAlterationListenerAdaptor] on stop...
2022-07-25 00:29:46.048 [ INFO ] [Thread-1] [com.zhangyun.tools.filebackup.monitor.FBFileAlterationListenerAdaptor] on start...
2022-07-25 00:29:46.908 [ INFO ] [Thread-1] [com.zhangyun.tools.filebackup.monitor.FBFileAlterationListenerAdaptor] on stop...
2022-07-25 00:29:49.913 [ INFO ] [Thread-1] [com.zhangyun.tools.filebackup.monitor.FBFileAlterationListenerAdaptor] on start...
2022-07-25 00:29:50.780 [ INFO ] [Thread-1] [com.zhangyun.tools.filebackup.monitor.FBFileAlterationListenerAdaptor] on stop...
2022-07-25 00:29:53.780 [ INFO ] [Thread-1] [com.zhangyun.tools.filebackup.monitor.FBFileAlterationListenerAdaptor] on start...
2022-07-25 00:29:54.637 [ INFO ] [Thread-1] [com.zhangyun.tools.filebackup.monitor.FBFileAlterationListenerAdaptor] on stop...
2022-07-25 00:29:57.642 [ INFO ] [Thread-1] [com.zhangyun.tools.filebackup.monitor.FBFileAlterationListenerAdaptor] on start...
2022-07-25 00:29:58.508 [ INFO ] [Thread-1] [com.zhangyun.tools.filebackup.monitor.FBFileAlterationListenerAdaptor] on stop...
2022-07-25 00:30:01.514 [ INFO ] [Thread-1] [com.zhangyun.tools.filebackup.monitor.FBFileAlterationListenerAdaptor] on start...
2022-07-25 00:30:02.487 [ INFO ] [Thread-1] [com.zhangyun.tools.filebackup.monitor.FBFileAlterationListenerAdaptor] on stop...
2022-07-25 00:30:05.491 [ INFO ] [Thread-1] [com.zhangyun.tools.filebackup.monitor.FBFileAlterationListenerAdaptor] on start...
2022-07-25 00:30:06.400 [ INFO ] [Thread-1] [com.zhangyun.tools.filebackup.monitor.FBFileAlterationListenerAdaptor] on stop...
2022-07-25 00:30:09.406 [ INFO ] [Thread-1] [com.zhangyun.tools.filebackup.monitor.FBFileAlterationListenerAdaptor] on start...
2022-07-25 00:30:10.289 [ INFO ] [Thread-1] [com.zhangyun.tools.filebackup.monitor.FBFileAlterationListenerAdaptor] on stop...
2022-07-25 00:30:13.291 [ INFO ] [Thread-1] [com.zhangyun.tools.filebackup.monitor.FBFileAlterationListenerAdaptor] on start...
2022-07-25 00:30:14.190 [ INFO ] [Thread-1] [com.zhangyun.tools.filebackup.monitor.FBFileAlterationListenerAdaptor] on stop...
2022-07-25 00:30:17.195 [ INFO ] [Thread-1] [com.zhangyun.tools.filebackup.monitor.FBFileAlterationListenerAdaptor] on start...
2022-07-25 00:30:18.076 [ INFO ] [Thread-1] [com.zhangyun.tools.filebackup.monitor.FBFileAlterationListenerAdaptor] on stop...
2022-07-25 00:30:21.081 [ INFO ] [Thread-1] [com.zhangyun.tools.filebackup.monitor.FBFileAlterationListenerAdaptor] on start...
2022-07-25 00:30:21.982 [ INFO ] [Thread-1] [com.zhangyun.tools.filebackup.monitor.FBFileAlterationListenerAdaptor] on stop...
2022-07-25 00:30:24.987 [ INFO ] [Thread-1] [com.zhangyun.tools.filebackup.monitor.FBFileAlterationListenerAdaptor] on start...
2022-07-25 00:30:25.882 [ INFO ] [Thread-1] [com.zhangyun.tools.filebackup.monitor.FBFileAlterationListenerAdaptor] on stop...
2022-07-25 00:30:28.887 [ INFO ] [Thread-1] [com.zhangyun.tools.filebackup.monitor.FBFileAlterationListenerAdaptor] on start...
2022-07-25 00:30:29.767 [ INFO ] [Thread-1] [com.zhangyun.tools.filebackup.monitor.FBFileAlterationListenerAdaptor] on stop...
2022-07-25 00:30:32.772 [ INFO ] [Thread-1] [com.zhangyun.tools.filebackup.monitor.FBFileAlterationListenerAdaptor] on start...
2022-07-25 00:30:33.699 [ INFO ] [Thread-1] [com.zhangyun.tools.filebackup.monitor.FBFileAlterationListenerAdaptor] on stop...
2022-07-25 00:30:36.701 [ INFO ] [Thread-1] [com.zhangyun.tools.filebackup.monitor.FBFileAlterationListenerAdaptor] on start...
2022-07-25 00:30:37.553 [ INFO ] [Thread-1] [com.zhangyun.tools.filebackup.monitor.FBFileAlterationListenerAdaptor] on stop...
2022-07-25 00:30:40.557 [ INFO ] [Thread-1] [com.zhangyun.tools.filebackup.monitor.FBFileAlterationListenerAdaptor] on start...
2022-07-25 00:30:41.385 [ INFO ] [Thread-1] [com.zhangyun.tools.filebackup.service.FBFileService] 文件复制成功！
2022-07-25 00:30:41.454 [ INFO ] [Thread-1] [com.zhangyun.tools.filebackup.monitor.FBFileAlterationListenerAdaptor] on stop...
2022-07-25 00:30:44.459 [ INFO ] [Thread-1] [com.zhangyun.tools.filebackup.monitor.FBFileAlterationListenerAdaptor] on start...
2022-07-25 00:30:45.370 [ INFO ] [Thread-1] [com.zhangyun.tools.filebackup.monitor.FBFileAlterationListenerAdaptor] on stop...
2022-07-25 00:30:48.375 [ INFO ] [Thread-1] [com.zhangyun.tools.filebackup.monitor.FBFileAlterationListenerAdaptor] on start...
2022-07-25 00:30:49.278 [ INFO ] [Thread-1] [com.zhangyun.tools.filebackup.monitor.FBFileAlterationListenerAdaptor] on stop...
2022-07-25 00:30:52.282 [ INFO ] [Thread-1] [com.zhangyun.tools.filebackup.monitor.FBFileAlterationListenerAdaptor] on start...
2022-07-25 00:30:53.455 [ INFO ] [Thread-1] [com.zhangyun.tools.filebackup.monitor.FBFileAlterationListenerAdaptor] on stop...
2022-07-25 00:30:56.458 [ INFO ] [Thread-1] [com.zhangyun.tools.filebackup.monitor.FBFileAlterationListenerAdaptor] on start...
2022-07-25 00:30:57.924 [ INFO ] [Thread-1] [com.zhangyun.tools.filebackup.monitor.FBFileAlterationListenerAdaptor] on stop...
2022-07-25 00:31:00.929 [ INFO ] [Thread-1] [com.zhangyun.tools.filebackup.monitor.FBFileAlterationListenerAdaptor] on start...
2022-07-25 00:31:02.139 [ INFO ] [Thread-1] [com.zhangyun.tools.filebackup.monitor.FBFileAlterationListenerAdaptor] on stop...
2022-07-25 00:31:05.141 [ INFO ] [Thread-1] [com.zhangyun.tools.filebackup.monitor.FBFileAlterationListenerAdaptor] on start...
2022-07-25 00:31:06.361 [ INFO ] [Thread-1] [com.zhangyun.tools.filebackup.monitor.FBFileAlterationListenerAdaptor] on stop...
2022-07-25 00:31:09.366 [ INFO ] [Thread-1] [com.zhangyun.tools.filebackup.monitor.FBFileAlterationListenerAdaptor] on start...
2022-07-25 00:31:10.604 [ INFO ] [Thread-1] [com.zhangyun.tools.filebackup.monitor.FBFileAlterationListenerAdaptor] on stop...
2022-07-25 00:31:13.608 [ INFO ] [Thread-1] [com.zhangyun.tools.filebackup.monitor.FBFileAlterationListenerAdaptor] on start...
2022-07-25 00:31:14.471 [ INFO ] [Thread-1] [com.zhangyun.tools.filebackup.monitor.FBFileAlterationListenerAdaptor] on stop...
2022-07-25 00:31:17.475 [ INFO ] [Thread-1] [com.zhangyun.tools.filebackup.monitor.FBFileAlterationListenerAdaptor] on start...
2022-07-25 00:31:18.366 [ INFO ] [Thread-1] [com.zhangyun.tools.filebackup.monitor.FBFileAlterationListenerAdaptor] on stop...
2022-07-25 00:31:21.371 [ INFO ] [Thread-1] [com.zhangyun.tools.filebackup.monitor.FBFileAlterationListenerAdaptor] on start...
2022-07-25 00:31:22.245 [ INFO ] [Thread-1] [com.zhangyun.tools.filebackup.monitor.FBFileAlterationListenerAdaptor] on stop...
2022-07-25 00:31:25.250 [ INFO ] [Thread-1] [com.zhangyun.tools.filebackup.monitor.FBFileAlterationListenerAdaptor] on start...
2022-07-25 00:31:26.155 [ INFO ] [Thread-1] [com.zhangyun.tools.filebackup.monitor.FBFileAlterationListenerAdaptor] on stop...
2022-07-25 00:31:29.158 [ INFO ] [Thread-1] [com.zhangyun.tools.filebackup.monitor.FBFileAlterationListenerAdaptor] on start...
2022-07-25 00:31:30.052 [ INFO ] [Thread-1] [com.zhangyun.tools.filebackup.monitor.FBFileAlterationListenerAdaptor] on stop...
2022-07-25 00:31:33.057 [ INFO ] [Thread-1] [com.zhangyun.tools.filebackup.monitor.FBFileAlterationListenerAdaptor] on start...
2022-07-25 00:31:33.920 [ INFO ] [Thread-1] [com.zhangyun.tools.filebackup.monitor.FBFileAlterationListenerAdaptor] on stop...
2022-07-25 00:31:36.925 [ INFO ] [Thread-1] [com.zhangyun.tools.filebackup.monitor.FBFileAlterationListenerAdaptor] on start...
2022-07-25 00:31:37.725 [ INFO ] [Thread-1] [com.zhangyun.tools.filebackup.service.FBFileService] 目录复制成功！
2022-07-25 00:31:37.796 [ INFO ] [Thread-1] [com.zhangyun.tools.filebackup.monitor.FBFileAlterationListenerAdaptor] on stop...
2022-07-25 00:31:40.801 [ INFO ] [Thread-1] [com.zhangyun.tools.filebackup.monitor.FBFileAlterationListenerAdaptor] on start...
2022-07-25 00:31:42.015 [ INFO ] [Thread-1] [com.zhangyun.tools.filebackup.service.FBFileService] 目录复制成功！
2022-07-25 00:31:42.016 [ INFO ] [Thread-1] [com.zhangyun.tools.filebackup.service.FBFileService] 文件/目录删除成功！
2022-07-25 00:31:42.146 [ INFO ] [Thread-1] [com.zhangyun.tools.filebackup.monitor.FBFileAlterationListenerAdaptor] on stop...
2022-07-25 00:31:45.151 [ INFO ] [Thread-1] [com.zhangyun.tools.filebackup.monitor.FBFileAlterationListenerAdaptor] on start...
2022-07-25 00:31:46.679 [ INFO ] [Thread-1] [com.zhangyun.tools.filebackup.monitor.FBFileAlterationListenerAdaptor] on stop...
2022-07-25 00:31:49.684 [ INFO ] [Thread-1] [com.zhangyun.tools.filebackup.monitor.FBFileAlterationListenerAdaptor] on start...
2022-07-25 00:31:50.901 [ INFO ] [Thread-1] [com.zhangyun.tools.filebackup.monitor.FBFileAlterationListenerAdaptor] on stop...
2022-07-25 00:31:53.907 [ INFO ] [Thread-1] [com.zhangyun.tools.filebackup.monitor.FBFileAlterationListenerAdaptor] on start...
2022-07-25 00:31:55.134 [ INFO ] [Thread-1] [com.zhangyun.tools.filebackup.monitor.FBFileAlterationListenerAdaptor] on stop...
2022-07-25 00:31:58.139 [ INFO ] [Thread-1] [com.zhangyun.tools.filebackup.monitor.FBFileAlterationListenerAdaptor] on start...
2022-07-25 00:31:59.361 [ INFO ] [Thread-1] [com.zhangyun.tools.filebackup.monitor.FBFileAlterationListenerAdaptor] on stop...
2022-07-25 00:32:02.366 [ INFO ] [Thread-1] [com.zhangyun.tools.filebackup.monitor.FBFileAlterationListenerAdaptor] on start...
2022-07-25 00:32:03.222 [ INFO ] [Thread-1] [com.zhangyun.tools.filebackup.monitor.FBFileAlterationListenerAdaptor] on stop...
2022-07-25 00:32:06.223 [ INFO ] [Thread-1] [com.zhangyun.tools.filebackup.monitor.FBFileAlterationListenerAdaptor] on start...
2022-07-25 00:32:07.077 [ INFO ] [Thread-1] [com.zhangyun.tools.filebackup.monitor.FBFileAlterationListenerAdaptor] on stop...
2022-07-25 00:32:10.082 [ INFO ] [Thread-1] [com.zhangyun.tools.filebackup.monitor.FBFileAlterationListenerAdaptor] on start...
2022-07-25 00:32:10.960 [ INFO ] [Thread-1] [com.zhangyun.tools.filebackup.monitor.FBFileAlterationListenerAdaptor] on stop...
2022-07-25 00:32:13.965 [ INFO ] [Thread-1] [com.zhangyun.tools.filebackup.monitor.FBFileAlterationListenerAdaptor] on start...
2022-07-25 00:32:14.819 [ INFO ] [Thread-1] [com.zhangyun.tools.filebackup.monitor.FBFileAlterationListenerAdaptor] on stop...
2022-07-25 00:32:17.820 [ INFO ] [Thread-1] [com.zhangyun.tools.filebackup.monitor.FBFileAlterationListenerAdaptor] on start...
2022-07-25 00:32:18.713 [ INFO ] [Thread-1] [com.zhangyun.tools.filebackup.monitor.FBFileAlterationListenerAdaptor] on stop...
2022-07-25 00:32:21.718 [ INFO ] [Thread-1] [com.zhangyun.tools.filebackup.monitor.FBFileAlterationListenerAdaptor] on start...
2022-07-25 00:32:22.564 [ INFO ] [Thread-1] [com.zhangyun.tools.filebackup.monitor.FBFileAlterationListenerAdaptor] on stop...
2022-07-25 00:32:25.569 [ INFO ] [Thread-1] [com.zhangyun.tools.filebackup.monitor.FBFileAlterationListenerAdaptor] on start...
2022-07-25 00:32:26.415 [ INFO ] [Thread-1] [com.zhangyun.tools.filebackup.monitor.FBFileAlterationListenerAdaptor] on stop...
2022-07-25 00:32:29.420 [ INFO ] [Thread-1] [com.zhangyun.tools.filebackup.monitor.FBFileAlterationListenerAdaptor] on start...
2022-07-25 00:32:30.264 [ INFO ] [Thread-1] [com.zhangyun.tools.filebackup.monitor.FBFileAlterationListenerAdaptor] on stop...
2022-07-25 00:32:33.269 [ INFO ] [Thread-1] [com.zhangyun.tools.filebackup.monitor.FBFileAlterationListenerAdaptor] on start...
2022-07-25 00:32:34.181 [ INFO ] [Thread-1] [com.zhangyun.tools.filebackup.monitor.FBFileAlterationListenerAdaptor] on stop...
2022-07-25 00:32:37.183 [ INFO ] [Thread-1] [com.zhangyun.tools.filebackup.monitor.FBFileAlterationListenerAdaptor] on start...
2022-07-25 00:32:38.058 [ INFO ] [Thread-1] [com.zhangyun.tools.filebackup.monitor.FBFileAlterationListenerAdaptor] on stop...
2022-07-25 00:32:41.060 [ INFO ] [Thread-1] [com.zhangyun.tools.filebackup.monitor.FBFileAlterationListenerAdaptor] on start...
2022-07-25 00:32:42.005 [ INFO ] [Thread-1] [com.zhangyun.tools.filebackup.monitor.FBFileAlterationListenerAdaptor] on stop...
2022-07-25 00:32:45.011 [ INFO ] [Thread-1] [com.zhangyun.tools.filebackup.monitor.FBFileAlterationListenerAdaptor] on start...
2022-07-25 00:32:45.871 [ INFO ] [Thread-1] [com.zhangyun.tools.filebackup.monitor.FBFileAlterationListenerAdaptor] on stop...
2022-07-25 00:32:48.873 [ INFO ] [Thread-1] [com.zhangyun.tools.filebackup.monitor.FBFileAlterationListenerAdaptor] on start...
2022-07-25 00:32:49.667 [ INFO ] [Thread-1] [com.zhangyun.tools.filebackup.service.FBFileService] 文件复制成功！
2022-07-25 00:32:49.737 [ INFO ] [Thread-1] [com.zhangyun.tools.filebackup.monitor.FBFileAlterationListenerAdaptor] on stop...
2022-07-25 00:32:52.740 [ INFO ] [Thread-1] [com.zhangyun.tools.filebackup.monitor.FBFileAlterationListenerAdaptor] on start...
2022-07-25 00:32:53.594 [ INFO ] [Thread-1] [com.zhangyun.tools.filebackup.monitor.FBFileAlterationListenerAdaptor] on stop...
2022-07-25 00:32:56.597 [ INFO ] [Thread-1] [com.zhangyun.tools.filebackup.monitor.FBFileAlterationListenerAdaptor] on start...
2022-07-25 00:32:58.181 [ INFO ] [Thread-1] [com.zhangyun.tools.filebackup.monitor.FBFileAlterationListenerAdaptor] on stop...
2022-07-25 00:33:01.186 [ INFO ] [Thread-1] [com.zhangyun.tools.filebackup.monitor.FBFileAlterationListenerAdaptor] on start...
2022-07-25 00:33:02.579 [ INFO ] [Thread-1] [com.zhangyun.tools.filebackup.service.FBFileService] 文件复制成功！
2022-07-25 00:33:02.711 [ INFO ] [Thread-1] [com.zhangyun.tools.filebackup.monitor.FBFileAlterationListenerAdaptor] on stop...
2022-07-25 00:33:05.716 [ INFO ] [Thread-1] [com.zhangyun.tools.filebackup.monitor.FBFileAlterationListenerAdaptor] on start...
2022-07-25 00:33:07.315 [ INFO ] [Thread-1] [com.zhangyun.tools.filebackup.monitor.FBFileAlterationListenerAdaptor] on stop...
2022-07-25 00:33:10.320 [ INFO ] [Thread-1] [com.zhangyun.tools.filebackup.monitor.FBFileAlterationListenerAdaptor] on start...
2022-07-25 00:33:11.939 [ INFO ] [Thread-1] [com.zhangyun.tools.filebackup.monitor.FBFileAlterationListenerAdaptor] on stop...
2022-07-25 00:33:14.940 [ INFO ] [Thread-1] [com.zhangyun.tools.filebackup.monitor.FBFileAlterationListenerAdaptor] on start...
2022-07-25 00:33:16.429 [ INFO ] [Thread-1] [com.zhangyun.tools.filebackup.monitor.FBFileAlterationListenerAdaptor] on stop...
2022-07-25 00:33:19.434 [ INFO ] [Thread-1] [com.zhangyun.tools.filebackup.monitor.FBFileAlterationListenerAdaptor] on start...
2022-07-25 00:33:20.666 [ INFO ] [Thread-1] [com.zhangyun.tools.filebackup.monitor.FBFileAlterationListenerAdaptor] on stop...
2022-07-25 00:33:23.671 [ INFO ] [Thread-1] [com.zhangyun.tools.filebackup.monitor.FBFileAlterationListenerAdaptor] on start...
2022-07-25 00:33:24.902 [ INFO ] [Thread-1] [com.zhangyun.tools.filebackup.monitor.FBFileAlterationListenerAdaptor] on stop...
2022-07-25 00:33:27.907 [ INFO ] [Thread-1] [com.zhangyun.tools.filebackup.monitor.FBFileAlterationListenerAdaptor] on start...
2022-07-25 00:33:29.121 [ INFO ] [Thread-1] [com.zhangyun.tools.filebackup.monitor.FBFileAlterationListenerAdaptor] on stop...
2022-07-25 00:33:32.125 [ INFO ] [Thread-1] [com.zhangyun.tools.filebackup.monitor.FBFileAlterationListenerAdaptor] on start...
2022-07-25 00:33:33.340 [ INFO ] [Thread-1] [com.zhangyun.tools.filebackup.monitor.FBFileAlterationListenerAdaptor] on stop...
2022-07-25 00:33:36.345 [ INFO ] [Thread-1] [com.zhangyun.tools.filebackup.monitor.FBFileAlterationListenerAdaptor] on start...
2022-07-25 00:33:37.635 [ INFO ] [Thread-1] [com.zhangyun.tools.filebackup.monitor.FBFileAlterationListenerAdaptor] on stop...
2022-07-25 00:33:40.640 [ INFO ] [Thread-1] [com.zhangyun.tools.filebackup.monitor.FBFileAlterationListenerAdaptor] on start...
2022-07-25 00:33:41.909 [ INFO ] [Thread-1] [com.zhangyun.tools.filebackup.monitor.FBFileAlterationListenerAdaptor] on stop...
2022-07-25 00:33:44.914 [ INFO ] [Thread-1] [com.zhangyun.tools.filebackup.monitor.FBFileAlterationListenerAdaptor] on start...
2022-07-25 00:33:46.176 [ INFO ] [Thread-1] [com.zhangyun.tools.filebackup.monitor.FBFileAlterationListenerAdaptor] on stop...
2022-07-25 00:33:49.181 [ INFO ] [Thread-1] [com.zhangyun.tools.filebackup.monitor.FBFileAlterationListenerAdaptor] on start...
2022-07-25 00:33:50.435 [ INFO ] [Thread-1] [com.zhangyun.tools.filebackup.monitor.FBFileAlterationListenerAdaptor] on stop...
2022-07-25 00:33:53.439 [ INFO ] [Thread-1] [com.zhangyun.tools.filebackup.monitor.FBFileAlterationListenerAdaptor] on start...
2022-07-25 00:33:54.327 [ INFO ] [Thread-1] [com.zhangyun.tools.filebackup.monitor.FBFileAlterationListenerAdaptor] on stop...
2022-07-25 00:33:57.332 [ INFO ] [Thread-1] [com.zhangyun.tools.filebackup.monitor.FBFileAlterationListenerAdaptor] on start...
2022-07-25 00:33:58.228 [ INFO ] [Thread-1] [com.zhangyun.tools.filebackup.monitor.FBFileAlterationListenerAdaptor] on stop...
2022-07-25 00:34:01.230 [ INFO ] [Thread-1] [com.zhangyun.tools.filebackup.monitor.FBFileAlterationListenerAdaptor] on start...
2022-07-25 00:34:02.119 [ INFO ] [Thread-1] [com.zhangyun.tools.filebackup.monitor.FBFileAlterationListenerAdaptor] on stop...
2022-07-25 00:34:05.124 [ INFO ] [Thread-1] [com.zhangyun.tools.filebackup.monitor.FBFileAlterationListenerAdaptor] on start...
2022-07-25 00:34:06.012 [ INFO ] [Thread-1] [com.zhangyun.tools.filebackup.monitor.FBFileAlterationListenerAdaptor] on stop...
2022-07-25 00:34:09.015 [ INFO ] [Thread-1] [com.zhangyun.tools.filebackup.monitor.FBFileAlterationListenerAdaptor] on start...
2022-07-25 00:34:09.796 [ INFO ] [Thread-1] [com.zhangyun.tools.filebackup.service.FBFileService] 文件复制成功！
2022-07-25 00:34:09.873 [ INFO ] [Thread-1] [com.zhangyun.tools.filebackup.monitor.FBFileAlterationListenerAdaptor] on stop...
2022-07-25 00:34:12.878 [ INFO ] [Thread-1] [com.zhangyun.tools.filebackup.monitor.FBFileAlterationListenerAdaptor] on start...
2022-07-25 00:34:14.142 [ INFO ] [Thread-1] [com.zhangyun.tools.filebackup.monitor.FBFileAlterationListenerAdaptor] on stop...
2022-07-25 00:34:17.147 [ INFO ] [Thread-1] [com.zhangyun.tools.filebackup.monitor.FBFileAlterationListenerAdaptor] on start...
2022-07-25 00:34:18.710 [ INFO ] [Thread-1] [com.zhangyun.tools.filebackup.monitor.FBFileAlterationListenerAdaptor] on stop...
2022-07-25 00:34:21.715 [ INFO ] [Thread-1] [com.zhangyun.tools.filebackup.monitor.FBFileAlterationListenerAdaptor] on start...
2022-07-25 00:34:23.344 [ INFO ] [Thread-1] [com.zhangyun.tools.filebackup.monitor.FBFileAlterationListenerAdaptor] on stop...
2022-07-25 00:34:26.349 [ INFO ] [Thread-1] [com.zhangyun.tools.filebackup.monitor.FBFileAlterationListenerAdaptor] on start...
2022-07-25 00:34:27.899 [ INFO ] [Thread-1] [com.zhangyun.tools.filebackup.monitor.FBFileAlterationListenerAdaptor] on stop...
2022-07-25 00:34:30.904 [ INFO ] [Thread-1] [com.zhangyun.tools.filebackup.monitor.FBFileAlterationListenerAdaptor] on start...
2022-07-25 00:34:32.464 [ INFO ] [Thread-1] [com.zhangyun.tools.filebackup.monitor.FBFileAlterationListenerAdaptor] on stop...
2022-07-25 00:34:35.469 [ INFO ] [Thread-1] [com.zhangyun.tools.filebackup.monitor.FBFileAlterationListenerAdaptor] on start...
2022-07-25 00:34:36.762 [ INFO ] [Thread-1] [com.zhangyun.tools.filebackup.monitor.FBFileAlterationListenerAdaptor] on stop...
2022-07-25 00:34:39.767 [ INFO ] [Thread-1] [com.zhangyun.tools.filebackup.monitor.FBFileAlterationListenerAdaptor] on start...
2022-07-25 00:34:41.070 [ INFO ] [Thread-1] [com.zhangyun.tools.filebackup.monitor.FBFileAlterationListenerAdaptor] on stop...
2022-07-25 00:34:44.072 [ INFO ] [Thread-1] [com.zhangyun.tools.filebackup.monitor.FBFileAlterationListenerAdaptor] on start...
2022-07-25 00:34:45.359 [ INFO ] [Thread-1] [com.zhangyun.tools.filebackup.monitor.FBFileAlterationListenerAdaptor] on stop...
2022-07-25 00:36:12.895 [ INFO ] [main] [com.zhangyun.tools.filebackup.FileBackupApplication] Starting FileBackupApplication using Java 11.0.15 on zhangyundeAir.lan with PID 11192 (/Users/zhangyun/Documents/javaProject/FileBackup/target/classes started by zhangyun in /Users/zhangyun/Documents/javaProject/FileBackup)
2022-07-25 00:36:12.896 [ INFO ] [main] [com.zhangyun.tools.filebackup.FileBackupApplication] No active profile set, falling back to 1 default profile: "default"
2022-07-25 00:36:13.334 [ INFO ] [main] [org.springframework.boot.web.embedded.tomcat.TomcatWebServer] Tomcat initialized with port(s): 8081 (http)
2022-07-25 00:36:13.338 [ INFO ] [main] [org.apache.coyote.http11.Http11NioProtocol] Initializing ProtocolHandler ["http-nio-8081"]
2022-07-25 00:36:13.338 [ INFO ] [main] [org.apache.catalina.core.StandardService] Starting service [Tomcat]
2022-07-25 00:36:13.338 [ INFO ] [main] [org.apache.catalina.core.StandardEngine] Starting Servlet engine: [Apache Tomcat/9.0.65]
2022-07-25 00:36:13.374 [ INFO ] [main] [org.apache.catalina.core.ContainerBase.[Tomcat].[localhost].[/]] Initializing Spring embedded WebApplicationContext
2022-07-25 00:36:13.374 [ INFO ] [main] [org.springframework.boot.web.servlet.context.ServletWebServerApplicationContext] Root WebApplicationContext: initialization completed in 451 ms
2022-07-25 00:36:13.625 [ INFO ] [main] [org.apache.coyote.http11.Http11NioProtocol] Starting ProtocolHandler ["http-nio-8081"]
2022-07-25 00:36:13.636 [ INFO ] [main] [org.springframework.boot.web.embedded.tomcat.TomcatWebServer] Tomcat started on port(s): 8081 (http) with context path ''
2022-07-25 00:36:13.642 [ INFO ] [main] [com.zhangyun.tools.filebackup.FileBackupApplication] Started FileBackupApplication in 0.965 seconds (JVM running for 1.23)
2022-07-25 00:36:14.491 [ INFO ] [main] [com.zhangyun.tools.filebackup.monitor.FBFileMonitor] File Monitor启动成功！
2022-07-25 00:36:14.491 [ INFO ] [main] [com.zhangyun.tools.filebackup.FileBackupApplication] 服务启动成功！
2022-07-25 00:36:14.496 [ INFO ] [Thread-1] [com.zhangyun.tools.filebackup.monitor.FBFileAlterationListenerAdaptor] on start...
2022-07-25 00:36:15.382 [ INFO ] [Thread-1] [com.zhangyun.tools.filebackup.monitor.FBFileAlterationListenerAdaptor] on stop...
2022-07-25 00:36:18.387 [ INFO ] [Thread-1] [com.zhangyun.tools.filebackup.monitor.FBFileAlterationListenerAdaptor] on start...
2022-07-25 00:36:19.288 [ INFO ] [Thread-1] [com.zhangyun.tools.filebackup.monitor.FBFileAlterationListenerAdaptor] on stop...
2022-07-25 00:36:22.293 [ INFO ] [Thread-1] [com.zhangyun.tools.filebackup.monitor.FBFileAlterationListenerAdaptor] on start...
2022-07-25 00:36:23.188 [ INFO ] [Thread-1] [com.zhangyun.tools.filebackup.monitor.FBFileAlterationListenerAdaptor] on stop...
2022-07-25 00:36:26.190 [ INFO ] [Thread-1] [com.zhangyun.tools.filebackup.monitor.FBFileAlterationListenerAdaptor] on start...
2022-07-25 00:36:27.060 [ INFO ] [Thread-1] [com.zhangyun.tools.filebackup.monitor.FBFileAlterationListenerAdaptor] on stop...
2022-07-25 00:36:30.065 [ INFO ] [Thread-1] [com.zhangyun.tools.filebackup.monitor.FBFileAlterationListenerAdaptor] on start...
2022-07-25 00:36:30.929 [ INFO ] [Thread-1] [com.zhangyun.tools.filebackup.monitor.FBFileAlterationListenerAdaptor] on stop...
2022-07-25 00:36:33.930 [ INFO ] [Thread-1] [com.zhangyun.tools.filebackup.monitor.FBFileAlterationListenerAdaptor] on start...
2022-07-25 00:36:34.794 [ INFO ] [Thread-1] [com.zhangyun.tools.filebackup.monitor.FBFileAlterationListenerAdaptor] on stop...
2022-07-25 00:36:37.799 [ INFO ] [Thread-1] [com.zhangyun.tools.filebackup.monitor.FBFileAlterationListenerAdaptor] on start...
2022-07-25 00:38:02.475 [ INFO ] [main] [com.zhangyun.tools.filebackup.FileBackupApplication] Starting FileBackupApplication using Java 11.0.15 on zhangyundeAir.lan with PID 11212 (/Users/zhangyun/Documents/javaProject/FileBackup/target/classes started by zhangyun in /Users/zhangyun/Documents/javaProject/FileBackup)
2022-07-25 00:38:02.477 [ INFO ] [main] [com.zhangyun.tools.filebackup.FileBackupApplication] No active profile set, falling back to 1 default profile: "default"
2022-07-25 00:38:02.906 [ INFO ] [main] [org.springframework.boot.web.embedded.tomcat.TomcatWebServer] Tomcat initialized with port(s): 8081 (http)
2022-07-25 00:38:02.910 [ INFO ] [main] [org.apache.coyote.http11.Http11NioProtocol] Initializing ProtocolHandler ["http-nio-8081"]
2022-07-25 00:38:02.910 [ INFO ] [main] [org.apache.catalina.core.StandardService] Starting service [Tomcat]
2022-07-25 00:38:02.910 [ INFO ] [main] [org.apache.catalina.core.StandardEngine] Starting Servlet engine: [Apache Tomcat/9.0.65]
2022-07-25 00:38:02.948 [ INFO ] [main] [org.apache.catalina.core.ContainerBase.[Tomcat].[localhost].[/]] Initializing Spring embedded WebApplicationContext
2022-07-25 00:38:02.948 [ INFO ] [main] [org.springframework.boot.web.servlet.context.ServletWebServerApplicationContext] Root WebApplicationContext: initialization completed in 455 ms
2022-07-25 00:38:03.194 [ INFO ] [main] [org.apache.coyote.http11.Http11NioProtocol] Starting ProtocolHandler ["http-nio-8081"]
2022-07-25 00:38:03.207 [ INFO ] [main] [org.springframework.boot.web.embedded.tomcat.TomcatWebServer] Tomcat started on port(s): 8081 (http) with context path ''
2022-07-25 00:38:03.212 [ INFO ] [main] [com.zhangyun.tools.filebackup.FileBackupApplication] Started FileBackupApplication in 0.97 seconds (JVM running for 1.375)
2022-07-25 00:38:04.071 [ INFO ] [main] [com.zhangyun.tools.filebackup.monitor.FBFileMonitor] File Monitor启动成功！
2022-07-25 00:38:04.071 [ INFO ] [main] [com.zhangyun.tools.filebackup.FileBackupApplication] 服务启动成功！
2022-07-25 00:44:55.515 [ INFO ] [Thread-1] [com.zhangyun.tools.filebackup.service.FBFileService] 文件复制成功！
2022-07-25 00:46:02.065 [ INFO ] [main] [com.zhangyun.tools.filebackup.FileBackupApplication] Starting FileBackupApplication using Java 11.0.15 on zhangyundeAir.lan with PID 11324 (/Users/zhangyun/Documents/javaProject/FileBackup/target/classes started by zhangyun in /Users/zhangyun/Documents/javaProject/FileBackup)
2022-07-25 00:46:02.065 [ INFO ] [main] [com.zhangyun.tools.filebackup.FileBackupApplication] No active profile set, falling back to 1 default profile: "default"
2022-07-25 00:46:02.483 [ INFO ] [main] [org.springframework.boot.web.embedded.tomcat.TomcatWebServer] Tomcat initialized with port(s): 8081 (http)
2022-07-25 00:46:02.487 [ INFO ] [main] [org.apache.coyote.http11.Http11NioProtocol] Initializing ProtocolHandler ["http-nio-8081"]
2022-07-25 00:46:02.487 [ INFO ] [main] [org.apache.catalina.core.StandardService] Starting service [Tomcat]
2022-07-25 00:46:02.487 [ INFO ] [main] [org.apache.catalina.core.StandardEngine] Starting Servlet engine: [Apache Tomcat/9.0.65]
2022-07-25 00:46:02.527 [ INFO ] [main] [org.apache.catalina.core.ContainerBase.[Tomcat].[localhost].[/]] Initializing Spring embedded WebApplicationContext
2022-07-25 00:46:02.528 [ INFO ] [main] [org.springframework.boot.web.servlet.context.ServletWebServerApplicationContext] Root WebApplicationContext: initialization completed in 449 ms
2022-07-25 00:46:02.760 [ INFO ] [main] [org.apache.coyote.http11.Http11NioProtocol] Starting ProtocolHandler ["http-nio-8081"]
2022-07-25 00:46:02.772 [ INFO ] [main] [org.springframework.boot.web.embedded.tomcat.TomcatWebServer] Tomcat started on port(s): 8081 (http) with context path ''
2022-07-25 00:46:02.778 [ INFO ] [main] [com.zhangyun.tools.filebackup.FileBackupApplication] Started FileBackupApplication in 0.874 seconds (JVM running for 2.29)
2022-07-25 00:46:02.779 [ INFO ] [main] [com.zhangyun.tools.filebackup.FileBackupApplication] 服务启动成功！
2022-07-25 00:48:47.917 [ INFO ] [main] [com.zhangyun.tools.filebackup.FileBackupApplication] Starting FileBackupApplication using Java 11.0.15 on zhangyundeAir.lan with PID 11345 (/Users/zhangyun/Documents/javaProject/FileBackup/target/classes started by zhangyun in /Users/zhangyun/Documents/javaProject/FileBackup)
2022-07-25 00:48:47.918 [ INFO ] [main] [com.zhangyun.tools.filebackup.FileBackupApplication] No active profile set, falling back to 1 default profile: "default"
2022-07-25 00:48:48.335 [ INFO ] [main] [org.springframework.boot.web.embedded.tomcat.TomcatWebServer] Tomcat initialized with port(s): 8081 (http)
2022-07-25 00:48:48.338 [ INFO ] [main] [org.apache.coyote.http11.Http11NioProtocol] Initializing ProtocolHandler ["http-nio-8081"]
2022-07-25 00:48:48.339 [ INFO ] [main] [org.apache.catalina.core.StandardService] Starting service [Tomcat]
2022-07-25 00:48:48.339 [ INFO ] [main] [org.apache.catalina.core.StandardEngine] Starting Servlet engine: [Apache Tomcat/9.0.65]
2022-07-25 00:48:48.369 [ INFO ] [main] [org.apache.catalina.core.ContainerBase.[Tomcat].[localhost].[/]] Initializing Spring embedded WebApplicationContext
2022-07-25 00:48:48.369 [ INFO ] [main] [org.springframework.boot.web.servlet.context.ServletWebServerApplicationContext] Root WebApplicationContext: initialization completed in 433 ms
2022-07-25 00:48:48.630 [ INFO ] [main] [org.apache.coyote.http11.Http11NioProtocol] Starting ProtocolHandler ["http-nio-8081"]
2022-07-25 00:48:48.643 [ INFO ] [main] [org.springframework.boot.web.embedded.tomcat.TomcatWebServer] Tomcat started on port(s): 8081 (http) with context path ''
2022-07-25 00:48:48.649 [ INFO ] [main] [com.zhangyun.tools.filebackup.FileBackupApplication] Started FileBackupApplication in 0.949 seconds (JVM running for 1.217)
2022-07-25 00:48:49.608 [ INFO ] [main] [com.zhangyun.tools.filebackup.monitor.FBFileMonitor] File Monitor启动成功！
2022-07-25 00:48:49.609 [ INFO ] [main] [com.zhangyun.tools.filebackup.FileBackupApplication] 服务启动成功！
